[2025-04-15T14:43:25.296Z] [31MERROR[39M: Unauthorized, please log in
[2025-04-15T14:43:25.398Z] [31MERROR[39M: Refresh token not found
[2025-04-15T14:43:49.173Z] [31MERROR[39M: Unauthorized, please log in
[2025-04-15T14:43:49.222Z] [31MERROR[39M: Refresh token not found
[2025-04-15T14:58:55.039Z] [31MERROR[39M: Can't find /api/v1/analytics/years on this server!
[2025-04-15T14:58:55.057Z] [31MERROR[39M: Validation errors:
[2025-04-15T14:58:55.058Z] [31MERROR[39M: Validation failed
[2025-04-15T14:58:55.063Z] [31MERROR[39M: Invalid or missing timePeriod. Use: last7days, lastMonth, lastYear, allTime, or custom
[2025-04-15T14:58:55.070Z] [31MERROR[39M: Invalid or missing timePeriod. Use: last7days, lastMonth, lastYear, allTime, or custom
[2025-04-15T14:59:22.295Z] [31MERROR[39M: Invalid or missing timePeriod. Use: last7days, lastMonth, lastYear, allTime, or custom
[2025-04-15T14:59:22.315Z] [31MERROR[39M: Validation errors:
[2025-04-15T14:59:22.316Z] [31MERROR[39M: Validation failed
[2025-04-15T14:59:22.335Z] [31MERROR[39M: Invalid or missing timePeriod. Use: last7days, lastMonth, lastYear, allTime, or custom
[2025-04-15T15:01:04.736Z] [31MERROR[39M: Unauthorized, please log in
[2025-04-15T15:01:15.267Z] [31MERROR[39M: Invalid or missing timePeriod. Use: last7days, lastMonth, lastYear, allTime, or custom
[2025-04-15T15:05:00.510Z] [31MERROR[39M: Invalid or missing timePeriod. Use: last7days, lastMonth, lastYear, allTime, or custom
[2025-04-15T17:57:24.725Z] [31MERROR[39M: Unauthorized, please log in
[2025-04-15T17:57:24.890Z] [31MERROR[39M: Refresh token not found
[2025-04-15T17:57:39.425Z] [31MERROR[39M: Invalid or missing timePeriod. Use: last7days, lastMonth, lastYear, allTime, or custom
[2025-04-15T17:57:39.454Z] [31MERROR[39M: Validation errors:
[2025-04-15T17:57:39.456Z] [31MERROR[39M: Validation failed
[2025-04-15T17:57:39.462Z] [31MERROR[39M: Invalid or missing timePeriod. Use: last7days, lastMonth, lastYear, allTime, or custom
[2025-04-15T17:58:13.557Z] [31MERROR[39M: Validation errors:
[2025-04-15T17:58:13.559Z] [31MERROR[39M: Validation failed
[2025-04-15T17:59:43.767Z] [31MERROR[39M: Invalid or missing timePeriod. Use: last7days, lastMonth, lastYear, allTime, or custom
[2025-04-15T17:59:43.783Z] [31MERROR[39M: Validation errors:
[2025-04-15T17:59:43.784Z] [31MERROR[39M: Validation failed
[2025-04-15T17:59:43.788Z] [31MERROR[39M: Invalid or missing timePeriod. Use: last7days, lastMonth, lastYear, allTime, or custom
[2025-04-15T17:59:49.779Z] [31MERROR[39M: Validation errors:
[2025-04-15T17:59:49.780Z] [31MERROR[39M: Validation failed
[2025-04-15T18:12:54.911Z] [31MERROR[39M: Validation errors:
[2025-04-15T18:12:54.912Z] [31MERROR[39M: Validation failed
[2025-04-15T18:22:32.505Z] [31MERROR[39M: Invalid access token, please log in
[2025-04-15T18:22:32.951Z] [31MERROR[39M: Validation errors:
[2025-04-15T18:22:32.953Z] [31MERROR[39M: Validation failed
[2025-04-15T18:22:32.960Z] [31MERROR[39M: Invalid or missing timePeriod. Use: last7days, lastMonth, lastYear, allTime, or custom
[2025-04-15T18:22:33.026Z] [31MERROR[39M: Invalid or missing timePeriod. Use: last7days, lastMonth, lastYear, allTime, or custom
[2025-04-15T18:25:45.653Z] [31MERROR[39M: Validation errors:
[2025-04-15T18:25:45.655Z] [31MERROR[39M: Validation failed
[2025-04-15T18:26:52.490Z] [31MERROR[39M: Unauthorized, please log in
[2025-04-15T18:28:48.520Z] [31MERROR[39M: Validation errors:
[2025-04-15T18:28:48.527Z] [31MERROR[39M: Validation failed
[2025-04-15T18:29:26.575Z] [31MERROR[39M: Validation errors:
[2025-04-15T18:29:26.577Z] [31MERROR[39M: Validation failed
[2025-04-15T18:29:59.294Z] [31MERROR[39M: Validation errors:
[2025-04-15T18:29:59.299Z] [31MERROR[39M: Validation failed
[2025-04-15T18:43:29.137Z] [31MERROR[39M: Unexpected field
[2025-04-15T18:45:55.552Z] [31MERROR[39M: Invalid categoryId: cat1
[2025-04-15T18:46:57.816Z] [31MERROR[39M: Invalid access token, please log in
[2025-04-15T18:46:58.076Z] [31MERROR[39M: Validation errors:
[2025-04-15T18:46:58.084Z] [31MERROR[39M: Validation failed
[2025-04-15T18:54:25.612Z] [31MERROR[39M: Invalid record: {"name":"Anker PowerCore 10000","description":"Portable charger, 10000mAh","price":29.99,"discount":0}
[2025-04-15T21:06:47.970Z] [31MERROR[39M: Unauthorized, please log in
[2025-04-15T21:06:48.231Z] [31MERROR[39M: Refresh token not found
[2025-04-15T21:08:45.336Z] [31MERROR[39M: Validation errors:
[2025-04-15T21:08:45.339Z] [31MERROR[39M: Validation failed
[2025-04-15T21:09:42.862Z] [31MERROR[39M: Validation errors:
[2025-04-15T21:09:42.867Z] [31MERROR[39M: Validation failed
[2025-04-15T21:11:47.997Z] [31MERROR[39M: Validation errors:
[2025-04-15T21:11:47.998Z] [31MERROR[39M: Validation failed
[2025-04-15T21:13:45.456Z] [31MERROR[39M: Can't find /api/v1/reviews/525e7a84-1888-419e-bc0d-386b8d7644f1 on this server!
[2025-04-15T21:14:15.821Z] [31MERROR[39M: Can't find /api/v1/reviews/525e7a84-1888-419e-bc0d-386b8d7644f1 on this server!
[2025-04-15T21:15:39.418Z] [31MERROR[39M: Can't find /api/v1/reviews/525e7a84-1888-419e-bc0d-386b8d7644f1 on this server!
[2025-04-15T21:21:02.343Z] [31MERROR[39M: Validation errors:
[2025-04-15T21:21:02.348Z] [31MERROR[39M: Validation failed
[2025-04-15T21:26:08.352Z] [31MERROR[39M: Invalid access token, please log in
[2025-04-15T21:35:18.255Z] [31MERROR[39M: Validation errors:
[2025-04-15T21:35:18.256Z] [31MERROR[39M: Validation failed
[2025-04-15T21:43:46.468Z] [31MERROR[39M: Invalid access token, please log in
[2025-04-15T21:43:46.481Z] [31MERROR[39M: Invalid access token, please log in
[2025-04-15T21:43:46.493Z] [31MERROR[39M: Invalid access token, please log in
[2025-04-15T21:43:46.542Z] [31MERROR[39M: Refresh token not found
[2025-04-15T21:43:46.551Z] [31MERROR[39M: Refresh token not found
[2025-04-15T21:43:54.746Z] [31MERROR[39M: Validation errors:
[2025-04-15T21:43:54.748Z] [31MERROR[39M: Validation failed
[2025-04-15T21:46:37.879Z] [31MERROR[39M: Validation errors:
[2025-04-15T21:46:37.880Z] [31MERROR[39M: Validation failed
[2025-04-15T21:46:54.276Z] [31MERROR[39M: Validation errors:
[2025-04-15T21:46:54.277Z] [31MERROR[39M: Validation failed
[2025-04-15T21:47:10.901Z] [31MERROR[39M: Validation errors:
[2025-04-15T21:47:10.902Z] [31MERROR[39M: Validation failed
[2025-04-15T21:47:55.933Z] [31MERROR[39M: Validation errors:
[2025-04-15T21:47:55.934Z] [31MERROR[39M: Validation failed
[2025-08-09T07:43:50.492Z] [31MERROR[39M: Unauthorized, please log in
[2025-08-13T03:41:33.800Z] [31MERROR[39M: Can't find /api/v1/donors on this server! not found
[2025-08-13T03:43:47.660Z] [31MERROR[39M: Unauthorized, please log in
[2025-08-13T03:48:06.152Z] [31MERROR[39M: Invalid input. Please check your request data.
[2025-08-13T03:51:32.353Z] [31MERROR[39M: Cannot read properties of undefined (reading 'donorService')
[2025-08-13T04:15:48.732Z] [31MERROR[39M: Error: Invalid access token, please log in
[2025-08-13T04:15:56.625Z] [31MERROR[39M: Error: Cannot read properties of undefined (reading 'donorService')
[2025-08-13T04:17:09.616Z] [31MERROR[39M: Error: Unauthorized, please log in
[2025-08-13T04:17:25.767Z] [31MERROR[39M: Error: Cannot read properties of undefined (reading 'donorService')
[2025-08-13T04:18:14.237Z] [31MERROR[39M: Error: Unauthorized, please log in
[2025-08-13T04:18:36.204Z] [31MERROR[39M: Error: Unauthorized, please log in
[2025-08-13T04:18:36.210Z] [31MERROR[39M: Error: Unauthorized, please log in
[2025-08-13T04:18:36.213Z] [31MERROR[39M: Error: Unauthorized, please log in
[2025-08-13T04:18:36.216Z] [31MERROR[39M: Error: Unauthorized, please log in
[2025-08-13T04:18:37.280Z] [31MERROR[39M: Error: Unauthorized, please log in
[2025-08-13T04:18:49.211Z] [31MERROR[39M: Error: Unauthorized, please log in
[2025-08-13T04:18:49.218Z] [31MERROR[39M: Error: Unauthorized, please log in
[2025-08-13T04:18:49.232Z] [31MERROR[39M: Error: Unauthorized, please log in
[2025-08-13T04:18:49.236Z] [31MERROR[39M: Error: Unauthorized, please log in
[2025-08-13T04:18:49.817Z] [31MERROR[39M: Error: Unauthorized, please log in
[2025-08-13T04:19:00.503Z] [31MERROR[39M: Error: Cannot read properties of undefined (reading 'donorService')
[2025-08-13T04:23:48.431Z] [31MERROR[39M: Error: Unauthorized, please log in
[2025-08-13T04:28:01.167Z] [31MERROR[39M: Error: Unauthorized, please log in
[2025-08-13T04:56:26.133Z] [31MERROR[39M: Error: Can't find /api/v1/auth/signin on this server! not found
[2025-08-13T04:56:46.993Z] [31MERROR[39M: Error: Email or password is incorrect.
[2025-08-13T04:57:55.871Z] [31MERROR[39M: Error: Can't find /api/v1/auth/signup on this server! not found
[2025-08-13T04:58:22.291Z] [31MERROR[39M: Error: Email or password is incorrect.
[2025-08-13T05:18:22.998Z] [31MERROR[39M: Error: Can't find /api/v1/auth/me on this server! not found
[2025-08-13T05:19:19.971Z] [31MERROR[39M: Error: Email or password is incorrect.
[2025-08-13T05:19:25.472Z] [31MERROR[39M: Error: Email or password is incorrect.
[2025-08-13T05:19:28.522Z] [31MERROR[39M: Error: Email or password is incorrect.
[2025-08-13T05:19:43.318Z] [31MERROR[39M: Error: Email or password is incorrect.
[2025-08-13T05:20:13.801Z] [31MERROR[39M: Error: Invalid access token, please log in
[2025-08-13T05:20:13.808Z] [31MERROR[39M: Error: Invalid access token, please log in
[2025-08-13T05:20:13.815Z] [31MERROR[39M: Error: Invalid access token, please log in
[2025-08-13T05:20:13.821Z] [31MERROR[39M: Error: Invalid access token, please log in
[2025-08-13T05:20:19.443Z] [31MERROR[39M: Error: Invalid access token, please log in
[2025-08-13T05:20:28.129Z] [31MERROR[39M: Error: Can't find /api/v1/auth/me on this server! not found
[2025-08-13T05:20:30.685Z] [31MERROR[39M: Error: Invalid access token, please log in
[2025-08-13T05:20:30.691Z] [31MERROR[39M: Error: Invalid access token, please log in
[2025-08-13T05:20:30.697Z] [31MERROR[39M: Error: Invalid access token, please log in
[2025-08-13T05:20:30.705Z] [31MERROR[39M: Error: Invalid access token, please log in
[2025-08-13T05:20:33.063Z] [31MERROR[39M: Error: Invalid access token, please log in
[2025-08-13T05:22:17.041Z] [31MERROR[39M: Error: Invalid access token, please log in
[2025-08-13T05:22:25.279Z] [31MERROR[39M: Error: Invalid access token, please log in
[2025-08-13T05:22:25.295Z] [31MERROR[39M: Error: Invalid access token, please log in
[2025-08-13T05:22:25.300Z] [31MERROR[39M: Error: Invalid access token, please log in
[2025-08-13T05:22:25.321Z] [31MERROR[39M: Error: Invalid access token, please log in
[2025-08-13T05:22:32.739Z] [31MERROR[39M: Error: Invalid access token, please log in
[2025-08-13T05:22:34.638Z] [31MERROR[39M: Error: Invalid access token, please log in
[2025-08-13T05:22:36.157Z] [31MERROR[39M: Error: Invalid access token, please log in
[2025-08-13T05:22:37.226Z] [31MERROR[39M: Error: Invalid access token, please log in
[2025-08-13T05:22:38.029Z] [31MERROR[39M: Error: Invalid access token, please log in
[2025-08-13T05:23:12.581Z] [31MERROR[39M: Error: Invalid access token, please log in
[2025-08-13T05:23:12.594Z] [31MERROR[39M: Error: Invalid access token, please log in
[2025-08-13T05:23:12.601Z] [31MERROR[39M: Error: Invalid access token, please log in
[2025-08-13T05:23:12.614Z] [31MERROR[39M: Error: Invalid access token, please log in
[2025-08-13T05:23:12.860Z] [31MERROR[39M: Error: Invalid access token, please log in
