[2025-08-09T07:43:51.097Z] [31MERROR[39M: uncaughtException: 
Invalid `this.prisma.log.create()` invocation in
/home/abdelrahman_aboalkhair/dev/workspace/donor-management-system/server/src/modules/logs/logs.repository.ts:12:28

   9 }
  10 
  11 async createLog(data: LogEntry) {
→ 12   return this.prisma.log.create(
The table `public.Log` does not exist in the current database.
PrismaClientKnownRequestError: 
Invalid `this.prisma.log.create()` invocation in
/home/abdelrahman_aboalkhair/dev/workspace/donor-management-system/server/src/modules/logs/logs.repository.ts:12:28

   9 }
  10 
  11 async createLog(data: LogEntry) {
→ 12   return this.prisma.log.create(
The table `public.Log` does not exist in the current database.
    at zn.handleRequestError (/home/abdelrahman_aboalkhair/dev/workspace/donor-management-system/server/node_modules/@prisma/client/runtime/library.js:121:7459)
    at zn.handleAndLogRequestError (/home/abdelrahman_aboalkhair/dev/workspace/donor-management-system/server/node_modules/@prisma/client/runtime/library.js:121:6784)
    at zn.request (/home/abdelrahman_aboalkhair/dev/workspace/donor-management-system/server/node_modules/@prisma/client/runtime/library.js:121:6491)
    at async l (/home/abdelrahman_aboalkhair/dev/workspace/donor-management-system/server/node_modules/@prisma/client/runtime/library.js:130:9778)
